<?xml version="1.0" encoding="UTF-8"?>
<testsuite xmlns:xsi="http://www.w3.org/2001/XMLSchema-instance" xsi:noNamespaceSchemaLocation="https://maven.apache.org/surefire/maven-surefire-plugin/xsd/surefire-test-report-3.0.xsd" version="3.0" name="CounterTest" time="0.053" tests="3" errors="0" skipped="1" failures="0">
  <properties>
[...]
</properties>
  <testcase name="testIncrement" classname="CounterTest" time="0">
    <skipped message="void CounterTest.testIncrement() is @Disabled"/>
  </testcase>
  <testcase name="testDecrement" classname="CounterTest" time="0.026"/>
  <testcase name="testConstructor" classname="CounterTest" time="0.002"/>
</testsuite>